[2025-11-25 14:50:47] Erro (8): session_start(): Ignoring session_start() because a session is already active em C:\Users\imobibrasil\Documents\sistema_venda\sistema_venda\config\auth.php:2
[25-Nov-2025 14:50:47 America/Sao_Paulo] PHP Notice:  session_start(): Ignoring session_start() because a session is already active in C:\Users\imobibrasil\Documents\sistema_venda\sistema_venda\config\auth.php on line 2
[2025-11-25 14:50:50] Erro (8): session_start(): Ignoring session_start() because a session is already active em C:\Users\imobibrasil\Documents\sistema_venda\sistema_venda\config\auth.php:2
[25-Nov-2025 14:50:50 America/Sao_Paulo] PHP Notice:  session_start(): Ignoring session_start() because a session is already active in C:\Users\imobibrasil\Documents\sistema_venda\sistema_venda\config\auth.php on line 2
[2025-11-25 14:50:53] Erro (8): session_start(): Ignoring session_start() because a session is already active em C:\Users\imobibrasil\Documents\sistema_venda\sistema_venda\config\auth.php:2
[25-Nov-2025 14:50:53 America/Sao_Paulo] PHP Notice:  session_start(): Ignoring session_start() because a session is already active in C:\Users\imobibrasil\Documents\sistema_venda\sistema_venda\config\auth.php on line 2
[2025-11-25 14:50:57] Erro (8): session_start(): Ignoring session_start() because a session is already active em C:\Users\imobibrasil\Documents\sistema_venda\sistema_venda\config\auth.php:2
[25-Nov-2025 14:50:57 America/Sao_Paulo] PHP Notice:  session_start(): Ignoring session_start() because a session is already active in C:\Users\imobibrasil\Documents\sistema_venda\sistema_venda\config\auth.php on line 2
[2025-11-25 14:51:05] Erro (8): session_start(): Ignoring session_start() because a session is already active em C:\Users\imobibrasil\Documents\sistema_venda\sistema_venda\config\auth.php:2
[25-Nov-2025 14:51:05 America/Sao_Paulo] PHP Notice:  session_start(): Ignoring session_start() because a session is already active in C:\Users\imobibrasil\Documents\sistema_venda\sistema_venda\config\auth.php on line 2
[2025-11-25 14:51:06] Erro (8): session_start(): Ignoring session_start() because a session is already active em C:\Users\imobibrasil\Documents\sistema_venda\sistema_venda\config\auth.php:2
[25-Nov-2025 14:51:06 America/Sao_Paulo] PHP Notice:  session_start(): Ignoring session_start() because a session is already active in C:\Users\imobibrasil\Documents\sistema_venda\sistema_venda\config\auth.php on line 2
[2025-11-25 14:51:07] Erro (8): session_start(): Ignoring session_start() because a session is already active em C:\Users\imobibrasil\Documents\sistema_venda\sistema_venda\config\auth.php:2
[25-Nov-2025 14:51:07 America/Sao_Paulo] PHP Notice:  session_start(): Ignoring session_start() because a session is already active in C:\Users\imobibrasil\Documents\sistema_venda\sistema_venda\config\auth.php on line 2
[2025-11-25 14:51:08] Erro (8): session_start(): Ignoring session_start() because a session is already active em C:\Users\imobibrasil\Documents\sistema_venda\sistema_venda\config\auth.php:2
[25-Nov-2025 14:51:08 America/Sao_Paulo] PHP Notice:  session_start(): Ignoring session_start() because a session is already active in C:\Users\imobibrasil\Documents\sistema_venda\sistema_venda\config\auth.php on line 2
[2025-11-25 14:51:10] Erro (8): session_start(): Ignoring session_start() because a session is already active em C:\Users\imobibrasil\Documents\sistema_venda\sistema_venda\config\auth.php:2
[25-Nov-2025 14:51:10 America/Sao_Paulo] PHP Notice:  session_start(): Ignoring session_start() because a session is already active in C:\Users\imobibrasil\Documents\sistema_venda\sistema_venda\config\auth.php on line 2
[2025-11-25 14:51:11] Erro (8): session_start(): Ignoring session_start() because a session is already active em C:\Users\imobibrasil\Documents\sistema_venda\sistema_venda\config\auth.php:2
[25-Nov-2025 14:51:11 America/Sao_Paulo] PHP Notice:  session_start(): Ignoring session_start() because a session is already active in C:\Users\imobibrasil\Documents\sistema_venda\sistema_venda\config\auth.php on line 2
[2025-11-25 14:51:13] Erro (8): session_start(): Ignoring session_start() because a session is already active em C:\Users\imobibrasil\Documents\sistema_venda\sistema_venda\config\auth.php:2
[25-Nov-2025 14:51:13 America/Sao_Paulo] PHP Notice:  session_start(): Ignoring session_start() because a session is already active in C:\Users\imobibrasil\Documents\sistema_venda\sistema_venda\config\auth.php on line 2
[2025-11-25 14:52:47] Erro (8): session_start(): Ignoring session_start() because a session is already active em C:\Users\imobibrasil\Documents\sistema_venda\sistema_venda\config\auth.php:2
[25-Nov-2025 14:52:47 America/Sao_Paulo] PHP Notice:  session_start(): Ignoring session_start() because a session is already active in C:\Users\imobibrasil\Documents\sistema_venda\sistema_venda\config\auth.php on line 2
[2025-11-25 14:52:48] Erro (8): session_start(): Ignoring session_start() because a session is already active em C:\Users\imobibrasil\Documents\sistema_venda\sistema_venda\config\auth.php:2
[25-Nov-2025 14:52:48 America/Sao_Paulo] PHP Notice:  session_start(): Ignoring session_start() because a session is already active in C:\Users\imobibrasil\Documents\sistema_venda\sistema_venda\config\auth.php on line 2
[2025-11-25 14:52:50] Erro (8): session_start(): Ignoring session_start() because a session is already active em C:\Users\imobibrasil\Documents\sistema_venda\sistema_venda\config\auth.php:2
[25-Nov-2025 14:52:50 America/Sao_Paulo] PHP Notice:  session_start(): Ignoring session_start() because a session is already active in C:\Users\imobibrasil\Documents\sistema_venda\sistema_venda\config\auth.php on line 2
[2025-11-25 14:52:52] Erro (8): session_start(): Ignoring session_start() because a session is already active em C:\Users\imobibrasil\Documents\sistema_venda\sistema_venda\config\auth.php:2
[25-Nov-2025 14:52:52 America/Sao_Paulo] PHP Notice:  session_start(): Ignoring session_start() because a session is already active in C:\Users\imobibrasil\Documents\sistema_venda\sistema_venda\config\auth.php on line 2
[2025-11-25 14:52:53] Erro (8): session_start(): Ignoring session_start() because a session is already active em C:\Users\imobibrasil\Documents\sistema_venda\sistema_venda\config\auth.php:2
[25-Nov-2025 14:52:53 America/Sao_Paulo] PHP Notice:  session_start(): Ignoring session_start() because a session is already active in C:\Users\imobibrasil\Documents\sistema_venda\sistema_venda\config\auth.php on line 2
[2025-11-25 14:52:54] Erro (8): session_start(): Ignoring session_start() because a session is already active em C:\Users\imobibrasil\Documents\sistema_venda\sistema_venda\config\auth.php:2
[25-Nov-2025 14:52:54 America/Sao_Paulo] PHP Notice:  session_start(): Ignoring session_start() because a session is already active in C:\Users\imobibrasil\Documents\sistema_venda\sistema_venda\config\auth.php on line 2
[2025-11-25 14:52:56] Erro (8): session_start(): Ignoring session_start() because a session is already active em C:\Users\imobibrasil\Documents\sistema_venda\sistema_venda\config\auth.php:2
[25-Nov-2025 14:52:56 America/Sao_Paulo] PHP Notice:  session_start(): Ignoring session_start() because a session is already active in C:\Users\imobibrasil\Documents\sistema_venda\sistema_venda\config\auth.php on line 2
[2025-11-25 14:52:56] Erro (8): session_start(): Ignoring session_start() because a session is already active em C:\Users\imobibrasil\Documents\sistema_venda\sistema_venda\config\auth.php:2
[25-Nov-2025 14:52:56 America/Sao_Paulo] PHP Notice:  session_start(): Ignoring session_start() because a session is already active in C:\Users\imobibrasil\Documents\sistema_venda\sistema_venda\config\auth.php on line 2
[2025-11-25 14:53:00] Erro (8): session_start(): Ignoring session_start() because a session is already active em C:\Users\imobibrasil\Documents\sistema_venda\sistema_venda\config\auth.php:2
[25-Nov-2025 14:53:00 America/Sao_Paulo] PHP Notice:  session_start(): Ignoring session_start() because a session is already active in C:\Users\imobibrasil\Documents\sistema_venda\sistema_venda\config\auth.php on line 2
[2025-11-25 14:54:13] Erro (8): session_start(): Ignoring session_start() because a session is already active em C:\Users\imobibrasil\Documents\sistema_venda\sistema_venda\config\auth.php:2
[25-Nov-2025 14:54:13 America/Sao_Paulo] PHP Notice:  session_start(): Ignoring session_start() because a session is already active in C:\Users\imobibrasil\Documents\sistema_venda\sistema_venda\config\auth.php on line 2
[2025-11-25 14:54:15] Erro (8): session_start(): Ignoring session_start() because a session is already active em C:\Users\imobibrasil\Documents\sistema_venda\sistema_venda\config\auth.php:2
[25-Nov-2025 14:54:15 America/Sao_Paulo] PHP Notice:  session_start(): Ignoring session_start() because a session is already active in C:\Users\imobibrasil\Documents\sistema_venda\sistema_venda\config\auth.php on line 2
[2025-11-25 14:54:15] Erro (8): session_start(): Ignoring session_start() because a session is already active em C:\Users\imobibrasil\Documents\sistema_venda\sistema_venda\config\auth.php:2
[25-Nov-2025 14:54:15 America/Sao_Paulo] PHP Notice:  session_start(): Ignoring session_start() because a session is already active in C:\Users\imobibrasil\Documents\sistema_venda\sistema_venda\config\auth.php on line 2
[2025-11-25 14:54:52] Erro (8): session_start(): Ignoring session_start() because a session is already active em C:\Users\imobibrasil\Documents\sistema_venda\sistema_venda\config\auth.php:2
[25-Nov-2025 14:54:52 America/Sao_Paulo] PHP Notice:  session_start(): Ignoring session_start() because a session is already active in C:\Users\imobibrasil\Documents\sistema_venda\sistema_venda\config\auth.php on line 2
[2025-11-25 14:55:22] Erro (8): session_start(): Ignoring session_start() because a session is already active em C:\Users\imobibrasil\Documents\sistema_venda\sistema_venda\config\auth.php:2
[25-Nov-2025 14:55:22 America/Sao_Paulo] PHP Notice:  session_start(): Ignoring session_start() because a session is already active in C:\Users\imobibrasil\Documents\sistema_venda\sistema_venda\config\auth.php on line 2
[2025-11-25 14:55:34] Erro (8): session_start(): Ignoring session_start() because a session is already active em C:\Users\imobibrasil\Documents\sistema_venda\sistema_venda\config\auth.php:2
[25-Nov-2025 14:55:34 America/Sao_Paulo] PHP Notice:  session_start(): Ignoring session_start() because a session is already active in C:\Users\imobibrasil\Documents\sistema_venda\sistema_venda\config\auth.php on line 2
[2025-11-25 14:55:42] Erro (8): session_start(): Ignoring session_start() because a session is already active em C:\Users\imobibrasil\Documents\sistema_venda\sistema_venda\config\auth.php:2
[25-Nov-2025 14:55:42 America/Sao_Paulo] PHP Notice:  session_start(): Ignoring session_start() because a session is already active in C:\Users\imobibrasil\Documents\sistema_venda\sistema_venda\config\auth.php on line 2
[2025-11-25 14:55:48] Erro (8): session_start(): Ignoring session_start() because a session is already active em C:\Users\imobibrasil\Documents\sistema_venda\sistema_venda\config\auth.php:2
[25-Nov-2025 14:55:48 America/Sao_Paulo] PHP Notice:  session_start(): Ignoring session_start() because a session is already active in C:\Users\imobibrasil\Documents\sistema_venda\sistema_venda\config\auth.php on line 2
[2025-11-25 14:55:49] Erro (8): session_start(): Ignoring session_start() because a session is already active em C:\Users\imobibrasil\Documents\sistema_venda\sistema_venda\config\auth.php:2
[25-Nov-2025 14:55:49 America/Sao_Paulo] PHP Notice:  session_start(): Ignoring session_start() because a session is already active in C:\Users\imobibrasil\Documents\sistema_venda\sistema_venda\config\auth.php on line 2
[2025-11-25 14:55:53] Erro (8): session_start(): Ignoring session_start() because a session is already active em C:\Users\imobibrasil\Documents\sistema_venda\sistema_venda\config\auth.php:2
[25-Nov-2025 14:55:53 America/Sao_Paulo] PHP Notice:  session_start(): Ignoring session_start() because a session is already active in C:\Users\imobibrasil\Documents\sistema_venda\sistema_venda\config\auth.php on line 2
[2025-11-25 14:55:58] Erro (8): session_start(): Ignoring session_start() because a session is already active em C:\Users\imobibrasil\Documents\sistema_venda\sistema_venda\config\auth.php:2
[25-Nov-2025 14:55:58 America/Sao_Paulo] PHP Notice:  session_start(): Ignoring session_start() because a session is already active in C:\Users\imobibrasil\Documents\sistema_venda\sistema_venda\config\auth.php on line 2
[2025-11-25 14:55:59] Erro (8): session_start(): Ignoring session_start() because a session is already active em C:\Users\imobibrasil\Documents\sistema_venda\sistema_venda\config\auth.php:2
[25-Nov-2025 14:55:59 America/Sao_Paulo] PHP Notice:  session_start(): Ignoring session_start() because a session is already active in C:\Users\imobibrasil\Documents\sistema_venda\sistema_venda\config\auth.php on line 2
[2025-11-25 14:56:17] Erro (8): session_start(): Ignoring session_start() because a session is already active em C:\Users\imobibrasil\Documents\sistema_venda\sistema_venda\config\auth.php:2
[25-Nov-2025 14:56:17 America/Sao_Paulo] PHP Notice:  session_start(): Ignoring session_start() because a session is already active in C:\Users\imobibrasil\Documents\sistema_venda\sistema_venda\config\auth.php on line 2
[2025-11-25 14:57:35] Erro (8): session_start(): Ignoring session_start() because a session is already active em C:\Users\imobibrasil\Documents\sistema_venda\sistema_venda\config\auth.php:2
[25-Nov-2025 14:57:35 America/Sao_Paulo] PHP Notice:  session_start(): Ignoring session_start() because a session is already active in C:\Users\imobibrasil\Documents\sistema_venda\sistema_venda\config\auth.php on line 2
[2025-11-25 14:57:47] Erro (8): session_start(): Ignoring session_start() because a session is already active em C:\Users\imobibrasil\Documents\sistema_venda\sistema_venda\config\auth.php:2
[25-Nov-2025 14:57:47 America/Sao_Paulo] PHP Notice:  session_start(): Ignoring session_start() because a session is already active in C:\Users\imobibrasil\Documents\sistema_venda\sistema_venda\config\auth.php on line 2
[2025-11-25 14:58:18] Erro (8): session_start(): Ignoring session_start() because a session is already active em C:\Users\imobibrasil\Documents\sistema_venda\sistema_venda\config\auth.php:2
[25-Nov-2025 14:58:18 America/Sao_Paulo] PHP Notice:  session_start(): Ignoring session_start() because a session is already active in C:\Users\imobibrasil\Documents\sistema_venda\sistema_venda\config\auth.php on line 2
[2025-11-25 14:58:56] Erro (8): session_start(): Ignoring session_start() because a session is already active em C:\Users\imobibrasil\Documents\sistema_venda\sistema_venda\config\auth.php:2
[25-Nov-2025 14:58:56 America/Sao_Paulo] PHP Notice:  session_start(): Ignoring session_start() because a session is already active in C:\Users\imobibrasil\Documents\sistema_venda\sistema_venda\config\auth.php on line 2
[2025-11-25 15:16:04] Erro (2): Undefined array key "data_cadastro" em C:\Users\imobibrasil\Documents\sistema_venda\sistema_venda\public\detalhes_cliente.php:167
[25-Nov-2025 15:16:04 America/Sao_Paulo] PHP Warning:  Undefined array key "data_cadastro" in C:\Users\imobibrasil\Documents\sistema_venda\sistema_venda\public\detalhes_cliente.php on line 167
[2025-11-25 15:16:04] Erro (8192): strtotime(): Passing null to parameter #1 ($datetime) of type string is deprecated em C:\Users\imobibrasil\Documents\sistema_venda\sistema_venda\public\detalhes_cliente.php:167
[25-Nov-2025 15:16:04 America/Sao_Paulo] PHP Deprecated:  strtotime(): Passing null to parameter #1 ($datetime) of type string is deprecated in C:\Users\imobibrasil\Documents\sistema_venda\sistema_venda\public\detalhes_cliente.php on line 167
[2025-11-25 15:16:56] Erro (2): Undefined array key "data_cadastro" em C:\Users\imobibrasil\Documents\sistema_venda\sistema_venda\public\detalhes_cliente.php:167
[25-Nov-2025 15:16:56 America/Sao_Paulo] PHP Warning:  Undefined array key "data_cadastro" in C:\Users\imobibrasil\Documents\sistema_venda\sistema_venda\public\detalhes_cliente.php on line 167
[2025-11-25 15:16:56] Erro (8192): strtotime(): Passing null to parameter #1 ($datetime) of type string is deprecated em C:\Users\imobibrasil\Documents\sistema_venda\sistema_venda\public\detalhes_cliente.php:167
[25-Nov-2025 15:16:56 America/Sao_Paulo] PHP Deprecated:  strtotime(): Passing null to parameter #1 ($datetime) of type string is deprecated in C:\Users\imobibrasil\Documents\sistema_venda\sistema_venda\public\detalhes_cliente.php on line 167
[2025-11-25 15:18:48] Erro (2): Undefined array key "data_cadastro" em C:\Users\imobibrasil\Documents\sistema_venda\sistema_venda\public\detalhes_cliente.php:167
[25-Nov-2025 15:18:48 America/Sao_Paulo] PHP Warning:  Undefined array key "data_cadastro" in C:\Users\imobibrasil\Documents\sistema_venda\sistema_venda\public\detalhes_cliente.php on line 167
[2025-11-25 15:18:48] Erro (8192): strtotime(): Passing null to parameter #1 ($datetime) of type string is deprecated em C:\Users\imobibrasil\Documents\sistema_venda\sistema_venda\public\detalhes_cliente.php:167
[25-Nov-2025 15:18:48 America/Sao_Paulo] PHP Deprecated:  strtotime(): Passing null to parameter #1 ($datetime) of type string is deprecated in C:\Users\imobibrasil\Documents\sistema_venda\sistema_venda\public\detalhes_cliente.php on line 167
[2025-11-25 15:22:53] Excecao: Call to undefined method Venda::obterPorCliente() em C:\Users\imobibrasil\Documents\sistema_venda\sistema_venda\public\detalhes_cliente.php:26
[2025-11-25 15:33:23] Erro (2): require_once(C:\Users\imobibrasil\Documents\sistema_venda\sistema_venda\classes/Pagamento.php): Failed to open stream: No such file or directory em C:\Users\imobibrasil\Documents\sistema_venda\sistema_venda\public\detalhes_venda.php:8
[25-Nov-2025 15:33:23 America/Sao_Paulo] PHP Warning:  require_once(C:\Users\imobibrasil\Documents\sistema_venda\sistema_venda\classes/Pagamento.php): Failed to open stream: No such file or directory in C:\Users\imobibrasil\Documents\sistema_venda\sistema_venda\public\detalhes_venda.php on line 8
[2025-11-25 15:33:23] Excecao: Failed opening required 'C:\Users\imobibrasil\Documents\sistema_venda\sistema_venda\classes/Pagamento.php' (include_path='.;C:\php\pear') em C:\Users\imobibrasil\Documents\sistema_venda\sistema_venda\public\detalhes_venda.php:8
[2025-11-25 15:33:29] Erro (2): require_once(C:\Users\imobibrasil\Documents\sistema_venda\sistema_venda\classes/Pagamento.php): Failed to open stream: No such file or directory em C:\Users\imobibrasil\Documents\sistema_venda\sistema_venda\public\detalhes_venda.php:8
[25-Nov-2025 15:33:29 America/Sao_Paulo] PHP Warning:  require_once(C:\Users\imobibrasil\Documents\sistema_venda\sistema_venda\classes/Pagamento.php): Failed to open stream: No such file or directory in C:\Users\imobibrasil\Documents\sistema_venda\sistema_venda\public\detalhes_venda.php on line 8
[2025-11-25 15:33:29] Excecao: Failed opening required 'C:\Users\imobibrasil\Documents\sistema_venda\sistema_venda\classes/Pagamento.php' (include_path='.;C:\php\pear') em C:\Users\imobibrasil\Documents\sistema_venda\sistema_venda\public\detalhes_venda.php:8
[2025-11-25 15:34:47] Erro (2): require_once(C:\Users\imobibrasil\Documents\sistema_venda\sistema_venda\classes/Pagamento.php): Failed to open stream: No such file or directory em C:\Users\imobibrasil\Documents\sistema_venda\sistema_venda\public\detalhes_venda.php:8
[25-Nov-2025 15:34:47 America/Sao_Paulo] PHP Warning:  require_once(C:\Users\imobibrasil\Documents\sistema_venda\sistema_venda\classes/Pagamento.php): Failed to open stream: No such file or directory in C:\Users\imobibrasil\Documents\sistema_venda\sistema_venda\public\detalhes_venda.php on line 8
[2025-11-25 15:34:47] Excecao: Failed opening required 'C:\Users\imobibrasil\Documents\sistema_venda\sistema_venda\classes/Pagamento.php' (include_path='.;C:\php\pear') em C:\Users\imobibrasil\Documents\sistema_venda\sistema_venda\public\detalhes_venda.php:8
[2025-11-25 15:40:15] Excecao: Call to undefined method Database::conectar() em C:\Users\imobibrasil\Documents\sistema_venda\sistema_venda\classes\Venda.php:8
[2025-11-25 15:40:18] Excecao: Call to undefined method Database::conectar() em C:\Users\imobibrasil\Documents\sistema_venda\sistema_venda\classes\Venda.php:8
[2025-11-25 15:40:23] Excecao: Call to undefined method Database::conectar() em C:\Users\imobibrasil\Documents\sistema_venda\sistema_venda\classes\Venda.php:8
[2025-11-25 15:40:30] Excecao: Call to undefined method Database::conectar() em C:\Users\imobibrasil\Documents\sistema_venda\sistema_venda\classes\Venda.php:8
[2025-11-25 15:49:55] Excecao: Call to undefined method Database::conectar() em C:\Users\imobibrasil\Documents\sistema_venda\sistema_venda\classes\Venda.php:8
[2025-11-25 15:49:57] Excecao: Call to undefined method Database::conectar() em C:\Users\imobibrasil\Documents\sistema_venda\sistema_venda\classes\Venda.php:8
[2025-11-25 15:49:59] Excecao: Call to undefined method Database::conectar() em C:\Users\imobibrasil\Documents\sistema_venda\sistema_venda\classes\Venda.php:8
[2025-11-25 15:50:13] Excecao: Call to undefined method Database::conectar() em C:\Users\imobibrasil\Documents\sistema_venda\sistema_venda\classes\Venda.php:8
[2025-11-25 16:06:41] Erro (2): Trying to access array offset on value of type null em C:\Users\imobibrasil\Documents\sistema_venda\sistema_venda\public\dashboard.php:40
[25-Nov-2025 16:06:41 America/Sao_Paulo] PHP Warning:  Trying to access array offset on value of type null in C:\Users\imobibrasil\Documents\sistema_venda\sistema_venda\public\dashboard.php on line 40
[2025-11-25 16:06:41] Erro (8192): htmlspecialchars(): Passing null to parameter #1 ($string) of type string is deprecated em C:\Users\imobibrasil\Documents\sistema_venda\sistema_venda\public\dashboard.php:40
[25-Nov-2025 16:06:41 America/Sao_Paulo] PHP Deprecated:  htmlspecialchars(): Passing null to parameter #1 ($string) of type string is deprecated in C:\Users\imobibrasil\Documents\sistema_venda\sistema_venda\public\dashboard.php on line 40
[2025-11-25 16:06:48] Erro (2): Trying to access array offset on value of type null em C:\Users\imobibrasil\Documents\sistema_venda\sistema_venda\public\dashboard.php:40
[25-Nov-2025 16:06:48 America/Sao_Paulo] PHP Warning:  Trying to access array offset on value of type null in C:\Users\imobibrasil\Documents\sistema_venda\sistema_venda\public\dashboard.php on line 40
[2025-11-25 16:06:48] Erro (8192): htmlspecialchars(): Passing null to parameter #1 ($string) of type string is deprecated em C:\Users\imobibrasil\Documents\sistema_venda\sistema_venda\public\dashboard.php:40
[25-Nov-2025 16:06:48 America/Sao_Paulo] PHP Deprecated:  htmlspecialchars(): Passing null to parameter #1 ($string) of type string is deprecated in C:\Users\imobibrasil\Documents\sistema_venda\sistema_venda\public\dashboard.php on line 40
[2025-11-25 16:07:42] Excecao: Incorrect string value: '\xE9ssica' for column 'nome' at row 1 em C:\Users\imobibrasil\Documents\sistema_venda\sistema_venda\classes\Database.php:90
[25-Nov-2025 16:08:22 America/Sao_Paulo] Erro ao criar venda: You have an error in your SQL syntax; check the manual that corresponds to your MySQL server version for the right syntax to use near ':id_cliente,
                        :id_usuario,
                        NOW(' at line 13
[25-Nov-2025 16:08:22 America/Sao_Paulo] Erro ao criar venda: You have an error in your SQL syntax; check the manual that corresponds to your MySQL server version for the right syntax to use near ':id_cliente,
                        :id_usuario,
                        NOW(' at line 13
[25-Nov-2025 16:11:42 America/Sao_Paulo] Erro ao criar venda: Unknown column 'observacoes' in 'field list'
[25-Nov-2025 16:11:42 America/Sao_Paulo] Erro ao criar venda: Unknown column 'observacoes' in 'field list'
[25-Nov-2025 16:12:27 America/Sao_Paulo] Erro ao criar venda: Unknown column 'observacoes' in 'field list'
[25-Nov-2025 16:12:27 America/Sao_Paulo] Erro ao criar venda: Unknown column 'observacoes' in 'field list'
[25-Nov-2025 16:12:38 America/Sao_Paulo] Erro ao criar venda: Unknown column 'observacoes' in 'field list'
[25-Nov-2025 16:12:38 America/Sao_Paulo] Erro ao criar venda: Unknown column 'observacoes' in 'field list'
[25-Nov-2025 16:14:33 America/Sao_Paulo] ===== CRIAR VENDA =====
[25-Nov-2025 16:14:33 America/Sao_Paulo] Method: POST
[25-Nov-2025 16:14:33 America/Sao_Paulo] Input: {"id_cliente":"1","observacoes":"dgfvsdrhg","quantidade_parcelas":1,"itens":[]}
[25-Nov-2025 16:14:33 America/Sao_Paulo] Session ID Usuario: 1
[25-Nov-2025 16:14:33 America/Sao_Paulo] Dados decodificados: {"id_cliente":"1","observacoes":"dgfvsdrhg","quantidade_parcelas":1,"itens":[]}
[25-Nov-2025 16:14:33 America/Sao_Paulo] Criando venda com: idCliente=1, idUsuario=1
[25-Nov-2025 16:14:33 America/Sao_Paulo] Parâmetros recebidos: idCliente=1, idUsuario=1
[25-Nov-2025 16:14:33 America/Sao_Paulo] Erro ao criar venda: Unknown column 'observacoes' in 'field list'
[25-Nov-2025 16:14:33 America/Sao_Paulo] ERRO ao criar venda: Unknown column 'observacoes' in 'field list'
[25-Nov-2025 16:14:33 America/Sao_Paulo] Stack trace: #0 C:\Users\imobibrasil\Documents\sistema_venda\sistema_venda\classes\Venda.php(88): mysqli->prepare('INSERT INTO ven...')
#1 C:\Users\imobibrasil\Documents\sistema_venda\sistema_venda\public\api\vendas\salvar.php(49): Venda->criar(1, 1, 'dgfvsdrhg', 1)
#2 {main}
[25-Nov-2025 16:23:52 America/Sao_Paulo] === INICIAR: CRIAR VENDA ===
[25-Nov-2025 16:23:52 America/Sao_Paulo] Hora: 2025-11-25 16:23:52
[25-Nov-2025 16:23:52 America/Sao_Paulo] IP: ::1
[25-Nov-2025 16:23:52 America/Sao_Paulo] User-Agent: Mozilla/5.0 (Windows NT 10.0; Win64; x64) AppleWebKit/537.36 (KHTML, like Gecko) Chrome/142.0.0.0 Safari/537.36 Edg/142.0.0.0
[25-Nov-2025 16:23:52 America/Sao_Paulo] Input bruto recebido: 72 bytes
[25-Nov-2025 16:23:52 America/Sao_Paulo] Conteúdo: {"id_cliente":1,"observacoes":"gdfh","quantidade_parcelas":1,"itens":[]}
[25-Nov-2025 16:23:52 America/Sao_Paulo] JSON decoded: {"id_cliente":1,"observacoes":"gdfh","quantidade_parcelas":1,"itens":[]}
[25-Nov-2025 16:23:52 America/Sao_Paulo] Usuario autenticado: 1
[25-Nov-2025 16:23:52 America/Sao_Paulo] Parâmetros da venda:
[25-Nov-2025 16:23:52 America/Sao_Paulo]   - idCliente: 1
[25-Nov-2025 16:23:52 America/Sao_Paulo]   - idUsuario: 1
[25-Nov-2025 16:23:52 America/Sao_Paulo]   - observacoes: 4 chars
[25-Nov-2025 16:23:52 America/Sao_Paulo]   - quantidadeParcelas: 1
[25-Nov-2025 16:23:52 America/Sao_Paulo]   - itens: 0 itens
[25-Nov-2025 16:23:52 America/Sao_Paulo] Chamando $venda_obj->criar()...
[25-Nov-2025 16:23:52 America/Sao_Paulo] Parâmetros recebidos: idCliente=1, idUsuario=1
[25-Nov-2025 16:23:52 America/Sao_Paulo] Erro ao criar venda: Unknown column 'observacoes' in 'field list'
[25-Nov-2025 16:23:52 America/Sao_Paulo] === FIM: CRIAR VENDA (ERRO) ===
[25-Nov-2025 16:23:52 America/Sao_Paulo] ERRO GERAL: Unknown column 'observacoes' in 'field list'
[25-Nov-2025 16:23:52 America/Sao_Paulo] File: C:\Users\imobibrasil\Documents\sistema_venda\sistema_venda\classes\Venda.php:88
[25-Nov-2025 16:23:52 America/Sao_Paulo] Trace: #0 C:\Users\imobibrasil\Documents\sistema_venda\sistema_venda\classes\Venda.php(88): mysqli->prepare('INSERT INTO ven...')
#1 C:\Users\imobibrasil\Documents\sistema_venda\sistema_venda\public\api\vendas\salvar.php(142): Venda->criar(1, 1, 'gdfh', 1)
#2 {main}
